\BOOKMARK [0][-]{section*.9}{\376\377\000L\000i\000s\000t\000a\000\040\000d\000e\000\040\000F\000i\000g\000u\000r\000a\000s}{}% 1
\BOOKMARK [0][-]{section*.11}{\376\377\000L\000i\000s\000t\000a\000\040\000d\000e\000\040\000T\000a\000b\000e\000l\000a\000s}{}% 2
\BOOKMARK [0][-]{section*.12}{\376\377\000L\000i\000s\000t\000a\000\040\000d\000e\000\040\000A\000l\000g\000o\000r\000\355\000t\000m\000o\000s}{}% 3
\BOOKMARK [0][-]{section*.13}{\376\377\000L\000i\000s\000t\000a\000\040\000d\000e\000\040\000C\000\363\000d\000i\000g\000o}{}% 4
\BOOKMARK [0][-]{section*.15}{\376\377\000L\000i\000s\000t\000a\000\040\000d\000e\000\040\000S\000\355\000m\000b\000o\000l\000o\000s}{}% 5
\BOOKMARK [0][-]{chapter.16}{\376\377\000I\000n\000t\000r\000o\000d\000u\000c\000t\000i\000o\000n}{}% 6
\BOOKMARK [1][-]{section.17}{\376\377\000C\000o\000n\000t\000e\000x\000t}{chapter.16}% 7
\BOOKMARK [1][-]{section.18}{\376\377\000P\000r\000o\000b\000l\000e\000m}{chapter.16}% 8
\BOOKMARK [1][-]{section.19}{\376\377\000O\000b\000j\000e\000c\000t\000i\000v\000e\000s}{chapter.16}% 9
\BOOKMARK [1][-]{section.20}{\376\377\000M\000e\000t\000o\000d\000o\000l\000o\000g\000i\000a}{chapter.16}% 10
\BOOKMARK [1][-]{section.22}{\376\377\000P\000l\000a\000n\000e\000a\000m\000e\000n\000t\000o}{chapter.16}% 11
\BOOKMARK [1][-]{section.23}{\376\377\000C\000o\000n\000s\000i\000d\000e\000r\000a\000\347\000\365\000e\000s\000\040\000\311\000t\000i\000c\000a\000s}{chapter.16}% 12
\BOOKMARK [1][-]{section.24}{\376\377\000E\000s\000t\000r\000u\000t\000u\000r\000a\000\040\000d\000o\000\040\000D\000o\000c\000u\000m\000e\000n\000t\000o}{chapter.16}% 13
\BOOKMARK [0][-]{chapter.25}{\376\377\000F\000u\000n\000d\000a\000m\000e\000n\000t\000o\000s\000\040\000T\000e\000\363\000r\000i\000c\000o\000s}{}% 14
\BOOKMARK [1][-]{section.26}{\376\377\000I\000n\000t\000e\000l\000i\000g\000\352\000n\000c\000i\000a\000\040\000A\000r\000t\000i\000f\000i\000c\000i\000a\000l}{chapter.25}% 15
\BOOKMARK [1][-]{section.27}{\376\377\000M\000a\000c\000h\000i\000n\000e\000\040\000L\000e\000a\000r\000n\000i\000n\000g\000\040\000\046\000\040\000D\000e\000e\000p\000\040\000L\000e\000a\000r\000n\000i\000n\000g}{chapter.25}% 16
\BOOKMARK [1][-]{section.28}{\376\377\000L\000a\000r\000g\000e\000\040\000L\000a\000n\000g\000u\000a\000g\000e\000\040\000M\000o\000d\000e\000l\000s}{chapter.25}% 17
\BOOKMARK [1][-]{section.29}{\376\377\000F\000i\000n\000e\000-\000t\000u\000n\000i\000n\000g\000\040\000L\000L\000M\000s}{chapter.25}% 18
\BOOKMARK [1][-]{section.30}{\376\377\000A\000p\000l\000i\000c\000a\000\347\000\343\000o\000\040\000a\000o\000\040\000S\000u\000p\000o\000r\000t\000e\000\040\000T\000\351\000c\000n\000i\000c\000o}{chapter.25}% 19
\BOOKMARK [0][-]{chapter.31}{\376\377\000S\000t\000a\000t\000e\000\040\000o\000f\000\040\000t\000h\000e\000\040\000A\000r\000t}{}% 20
\BOOKMARK [1][-]{section.32}{\376\377\000M\000e\000t\000o\000d\000o\000l\000o\000g\000i\000a}{chapter.31}% 21
\BOOKMARK [2][-]{subsection.33}{\376\377\000Q\000u\000e\000s\000t\000\365\000e\000s\000\040\000d\000e\000\040\000I\000n\000v\000e\000s\000t\000i\000g\000a\000\347\000\343\000o}{section.32}% 22
\BOOKMARK [2][-]{subsection.34}{\376\377\000R\000e\000s\000e\000a\000r\000c\000h\000\040\000S\000c\000o\000p\000e}{section.32}% 23
\BOOKMARK [2][-]{subsection.35}{\376\377\000C\000r\000i\000t\000\351\000r\000i\000o\000s\000\040\000d\000e\000\040\000I\000n\000c\000l\000u\000s\000\343\000o\000\040\000e\000\040\000E\000x\000c\000l\000u\000s\000\343\000o}{section.32}% 24
\BOOKMARK [2][-]{subsection.36}{\376\377\000P\000r\000o\000c\000e\000s\000s\000o\000\040\000d\000e\000\040\000S\000e\000l\000e\000\347\000\343\000o}{section.32}% 25
\BOOKMARK [2][-]{subsection.37}{\376\377\000C\000o\000l\000e\000\347\000\343\000o\000\040\000d\000e\000\040\000D\000a\000d\000o\000s}{section.32}% 26
\BOOKMARK [1][-]{section.38}{\376\377\000C\000o\000n\000c\000e\000i\000t\000o\000s\000\040\000F\000u\000n\000d\000a\000m\000e\000n\000t\000a\000i\000s\000\040\000d\000o\000\040\000R\000A\000G\000\040\000\050\000R\000Q\0001\000\051}{chapter.31}% 27
\BOOKMARK [2][-]{subsection.39}{\376\377\000A\000r\000q\000u\000i\000t\000e\000t\000u\000r\000a}{section.38}% 28
\BOOKMARK [2][-]{subsection.41}{\376\377\000R\000e\000p\000r\000e\000s\000e\000n\000t\000a\000\347\000\343\000o\000\040\000e\000\040\000A\000r\000m\000a\000z\000e\000n\000a\000m\000e\000n\000t\000o\000\040\000d\000o\000\040\000C\000o\000n\000h\000e\000c\000i\000m\000e\000n\000t\000o}{section.38}% 29
\BOOKMARK [3][-]{section*.42}{\376\377\000B\000a\000s\000e\000s\000\040\000d\000e\000\040\000D\000a\000d\000o\000s\000\040\000V\000e\000t\000o\000r\000i\000a\000i\000s}{subsection.41}% 30
\BOOKMARK [2][-]{subsection.43}{\376\377\000R\000e\000c\000u\000p\000e\000r\000a\000\347\000\343\000o\000\040\000d\000o\000\040\000C\000o\000n\000h\000e\000c\000i\000m\000e\000n\000t\000o}{section.38}% 31
\BOOKMARK [2][-]{subsection.44}{\376\377\000A\000u\000g\000m\000e\000n\000t\000a\000t\000i\000o\000n}{section.38}% 32
\BOOKMARK [3][-]{section*.45}{\376\377\000P\000r\000o\000m\000p\000t\000\040\000E\000n\000g\000i\000n\000e\000e\000r\000i\000n\000g}{subsection.44}% 33
\BOOKMARK [2][-]{subsection.46}{\376\377\000A\000p\000l\000i\000c\000a\000\347\000\365\000e\000s\000\040\000P\000r\000\341\000t\000i\000c\000a\000s}{section.38}% 34
\BOOKMARK [1][-]{section.47}{\376\377\000D\000e\000s\000a\000f\000i\000o\000s\000\040\000T\000\351\000c\000n\000i\000c\000o\000s\000\040\000n\000a\000\040\000I\000m\000p\000l\000e\000m\000e\000n\000t\000a\000\347\000\343\000o\000\040\000\050\000R\000Q\0002\000\051}{chapter.31}% 35
\BOOKMARK [2][-]{subsection.48}{\376\377\000I\000n\000d\000e\000x\000a\000\347\000\343\000o\000,\000\040\000r\000e\000c\000u\000p\000e\000r\000a\000\347\000\343\000o\000\040\000e\000\040\000r\000e\000l\000e\000v\000\342\000n\000c\000i\000a\000\040\000d\000a\000s\000\040\000r\000e\000s\000p\000o\000s\000t\000a\000s}{section.47}% 36
\BOOKMARK [2][-]{subsection.49}{\376\377\000I\000n\000t\000e\000g\000r\000a\000\347\000\343\000o\000\040\000c\000o\000m\000\040\000S\000i\000s\000t\000e\000m\000a\000s\000\040\000E\000x\000i\000s\000t\000e\000n\000t\000e\000s}{section.47}% 37
\BOOKMARK [1][-]{section.50}{\376\377\000M\000e\000l\000h\000o\000r\000e\000s\000\040\000P\000r\000\341\000t\000i\000c\000a\000s\000\040\000n\000a\000\040\000R\000e\000c\000u\000p\000e\000r\000a\000\347\000\343\000o\000\040\000d\000o\000\040\000C\000o\000n\000h\000e\000c\000i\000m\000e\000n\000t\000o\000\040\000\050\000R\000Q\0003\000\051}{chapter.31}% 38
\BOOKMARK [1][-]{section.51}{\376\377\000F\000r\000a\000m\000e\000w\000o\000r\000k\000s\000\040\000p\000a\000r\000a\000\040\000D\000e\000s\000e\000n\000v\000o\000l\000v\000i\000m\000e\000n\000t\000o\000\040\000d\000e\000\040\000R\000A\000G\000\040\000\050\000R\000Q\0004\000\051}{chapter.31}% 39
\BOOKMARK [2][-]{subsection.52}{\376\377\000L\000a\000n\000g\000C\000h\000a\000i\000n}{section.51}% 40
\BOOKMARK [2][-]{subsection.53}{\376\377\000P\000r\000o\000m\000p\000t\000\040\000T\000e\000m\000p\000l\000a\000t\000e\000s}{section.51}% 41
\BOOKMARK [2][-]{subsection.60}{\376\377\000H\000a\000y\000s\000t\000a\000c\000k}{section.51}% 42
\BOOKMARK [2][-]{subsection.61}{\376\377\000L\000l\000a\000m\000a\000I\000n\000d\000e\000x}{section.51}% 43
\BOOKMARK [2][-]{subsection.62}{\376\377\000S\000p\000r\000i\000n\000g\000\040\000A\000I}{section.51}% 44
\BOOKMARK [2][-]{subsection.63}{\376\377\000C\000o\000m\000p\000a\000r\000a\000\347\000\343\000o\000\040\000r\000e\000s\000u\000m\000o\000\040\000e\000n\000t\000r\000e\000\040\000t\000e\000c\000n\000o\000l\000o\000g\000i\000a\000s}{section.51}% 45
\BOOKMARK [1][-]{section.65}{\376\377\000T\000r\000a\000b\000a\000l\000h\000o\000s\000\040\000R\000e\000l\000a\000c\000i\000o\000n\000a\000d\000o\000s}{chapter.31}% 46
\BOOKMARK [2][-]{subsection.66}{\376\377\000A\000n\000\341\000l\000i\000s\000e\000\040\000I\000n\000d\000i\000v\000i\000d\000u\000a\000l}{section.65}% 47
\BOOKMARK [3][-]{section*.67}{\376\377\000R\000A\000G\000\040\000C\000h\000a\000t\000b\000o\000t\000\040\000p\000a\000r\000a\000\040\000a\000\040\000O\000p\000t\000i\000M\000i\000c\000r\000o\000\040\000T\000e\000c\000h\000n\000o\000l\000o\000g\000i\000e\000s}{subsection.66}% 48
\BOOKMARK [3][-]{section*.69}{\376\377\000S\000i\000s\000t\000e\000m\000a\000\040\000R\000A\000G\000\040\000d\000e\000\040\000R\000e\000c\000o\000m\000e\000n\000d\000a\000\347\000\343\000o\000\040\000p\000a\000r\000a\000\040\000S\000u\000p\000o\000r\000t\000e\000\040\000T\000\351\000c\000n\000i\000c\000o}{subsection.66}% 49
\BOOKMARK [3][-]{section*.71}{\376\377\000F\000a\000b\000u\000l\000a}{subsection.66}% 50
\BOOKMARK [2][-]{subsection.72}{\376\377\000C\000o\000n\000c\000l\000u\000s\000\365\000e\000s}{section.65}% 51
\BOOKMARK [0][-]{chapter*.73}{\376\377\000B\000i\000b\000l\000i\000o\000g\000r\000a\000f\000i\000a}{}% 52
\BOOKMARK [0][-]{appendix.74}{\376\377\000A\000p\000\352\000n\000d\000i\000c\000e\000\040\000A\000p\000p\000e\000n\000d\000i\000x\000\040\000T\000i\000t\000l\000e\000\040\000H\000e\000r\000e}{}% 53
